10/09/16 18:53:22.953 10.1.3.1.1 Started
10/09/16 18:53:25.968 tykeknit-api-webapp: action: Entering Actionservlet
10/09/16 18:53:25.968 tykeknit-api-webapp: action: Initializing Logger...
10/09/16 18:53:25.984 tykeknit-api-webapp: 10.1.3.1.1 Started
10/09/21 15:16:03.609 10.1.3.1.1 Started
10/09/21 15:16:08.218 tykeknit-api-webapp: action: Entering Actionservlet
10/09/21 15:16:08.218 tykeknit-api-webapp: action: Initializing Logger...
10/09/21 15:16:08.218 tykeknit-api-webapp: 10.1.3.1.1 Started
10/09/21 15:25:36.250 10.1.3.1.1 Started
10/09/21 15:25:39.281 tykeknit-api-webapp: action: Entering Actionservlet
10/09/21 15:25:39.281 tykeknit-api-webapp: action: Initializing Logger...
10/09/21 15:25:39.281 tykeknit-api-webapp: 10.1.3.1.1 Started
10/09/21 15:33:04.750 10.1.3.1.1 Started
10/09/21 15:33:07.781 tykeknit-api-webapp: action: Entering Actionservlet
10/09/21 15:33:07.781 tykeknit-api-webapp: action: Initializing Logger...
10/09/21 15:33:07.781 tykeknit-api-webapp: 10.1.3.1.1 Started
10/09/21 15:39:11.125 10.1.3.1.1 Started
10/09/21 15:39:17.140 tykeknit-api-webapp: action: Entering Actionservlet
10/09/21 15:39:17.140 tykeknit-api-webapp: action: Initializing Logger...
10/09/21 15:39:17.156 tykeknit-api-webapp: 10.1.3.1.1 Started
10/09/21 15:45:02.93 10.1.3.1.1 Started
10/09/21 15:45:05.109 tykeknit-api-webapp: action: Entering Actionservlet
10/09/21 15:45:05.109 tykeknit-api-webapp: action: Initializing Logger...
10/09/21 15:45:05.125 tykeknit-api-webapp: 10.1.3.1.1 Started
10/09/21 15:46:14.359 10.1.3.1.1 Started
10/09/21 15:46:20.156 tykeknit-api-webapp: action: Entering Actionservlet
10/09/21 15:46:20.156 tykeknit-api-webapp: action: Initializing Logger...
10/09/21 15:46:20.171 tykeknit-api-webapp: 10.1.3.1.1 Started
10/09/21 15:49:13.421 10.1.3.1.1 Started
10/09/21 15:49:16.437 tykeknit-api-webapp: action: Entering Actionservlet
10/09/21 15:49:16.437 tykeknit-api-webapp: action: Initializing Logger...
10/09/21 15:49:16.453 tykeknit-api-webapp: 10.1.3.1.1 Started
10/09/21 16:36:41.296 10.1.3.1.1 Started
10/09/21 16:36:44.343 tykeknit-api-webapp: action: Entering Actionservlet
10/09/21 16:36:44.343 tykeknit-api-webapp: action: Initializing Logger...
10/09/21 16:36:44.343 tykeknit-api-webapp: 10.1.3.1.1 Started
10/09/21 16:43:09.250 10.1.3.1.1 Started
10/09/21 16:43:15.62 tykeknit-api-webapp: action: Entering Actionservlet
10/09/21 16:43:15.62 tykeknit-api-webapp: action: Initializing Logger...
10/09/21 16:43:15.62 tykeknit-api-webapp: 10.1.3.1.1 Started
10/09/21 16:49:15.93 10.1.3.1.1 Started
10/09/21 16:49:20.953 tykeknit-api-webapp: action: Entering Actionservlet
10/09/21 16:49:20.953 tykeknit-api-webapp: action: Initializing Logger...
10/09/21 16:49:20.968 tykeknit-api-webapp: 10.1.3.1.1 Started
10/09/21 16:53:21.171 10.1.3.1.1 Started
10/09/21 16:53:24.203 tykeknit-api-webapp: action: Entering Actionservlet
10/09/21 16:53:24.203 tykeknit-api-webapp: action: Initializing Logger...
10/09/21 16:53:24.218 tykeknit-api-webapp: 10.1.3.1.1 Started
10/09/21 17:30:00.578 10.1.3.1.1 Started
10/09/21 17:30:03.609 tykeknit-api-webapp: action: Entering Actionservlet
10/09/21 17:30:03.609 tykeknit-api-webapp: action: Initializing Logger...
10/09/21 17:30:03.609 tykeknit-api-webapp: 10.1.3.1.1 Started
10/09/21 17:31:47.796 10.1.3.1.1 Started
10/09/21 17:31:50.828 tykeknit-api-webapp: action: Entering Actionservlet
10/09/21 17:31:50.828 tykeknit-api-webapp: action: Initializing Logger...
10/09/21 17:31:50.843 tykeknit-api-webapp: 10.1.3.1.1 Started
10/09/21 17:32:38.953 10.1.3.1.1 Started
10/09/21 17:32:44.937 tykeknit-api-webapp: action: Entering Actionservlet
10/09/21 17:32:44.937 tykeknit-api-webapp: action: Initializing Logger...
10/09/21 17:32:44.953 tykeknit-api-webapp: 10.1.3.1.1 Started
10/09/21 17:33:41.125 10.1.3.1.1 Started
10/09/21 17:33:44.156 tykeknit-api-webapp: action: Entering Actionservlet
10/09/21 17:33:44.156 tykeknit-api-webapp: action: Initializing Logger...
10/09/21 17:33:44.156 tykeknit-api-webapp: 10.1.3.1.1 Started
10/09/21 17:39:12.109 10.1.3.1.1 Started
10/09/21 17:39:18.93 tykeknit-api-webapp: action: Entering Actionservlet
10/09/21 17:39:18.93 tykeknit-api-webapp: action: Initializing Logger...
10/09/21 17:39:18.109 tykeknit-api-webapp: 10.1.3.1.1 Started
10/09/21 17:42:26.531 10.1.3.1.1 Started
10/09/21 17:42:29.562 tykeknit-api-webapp: action: Entering Actionservlet
10/09/21 17:42:29.562 tykeknit-api-webapp: action: Initializing Logger...
10/09/21 17:42:29.562 tykeknit-api-webapp: 10.1.3.1.1 Started
10/09/23 15:04:56.328 10.1.3.1.1 Started
10/09/23 15:05:03.62 tykeknit-api-webapp: action: Entering Actionservlet
10/09/23 15:05:03.62 tykeknit-api-webapp: action: Initializing Logger...
10/09/23 15:05:03.93 tykeknit-api-webapp: 10.1.3.1.1 Started
10/09/23 15:15:02.796 10.1.3.1.1 Started
10/09/23 15:15:08.218 tykeknit-api-webapp: action: Entering Actionservlet
10/09/23 15:15:08.218 tykeknit-api-webapp: action: Initializing Logger...
10/09/23 15:15:08.218 tykeknit-api-webapp: 10.1.3.1.1 Started
10/09/23 15:22:13.203 10.1.3.1.1 Started
10/09/23 15:22:18.484 tykeknit-api-webapp: action: Entering Actionservlet
10/09/23 15:22:18.484 tykeknit-api-webapp: action: Initializing Logger...
10/09/23 15:22:18.500 tykeknit-api-webapp: 10.1.3.1.1 Started
10/09/23 19:29:19.859 10.1.3.1.1 Started
10/09/23 19:29:23.93 tykeknit-api-webapp: action: Entering Actionservlet
10/09/23 19:29:23.93 tykeknit-api-webapp: action: Initializing Logger...
10/09/23 19:29:23.109 tykeknit-api-webapp: 10.1.3.1.1 Started
10/09/28 15:11:50.765 10.1.3.1.1 Started
10/09/28 15:11:55.656 tykeknit-api-webapp: action: Entering Actionservlet
10/09/28 15:11:55.656 tykeknit-api-webapp: action: Initializing Logger...
10/09/28 15:11:55.656 tykeknit-api-webapp: 10.1.3.1.1 Started
10/09/28 15:54:01.15 10.1.3.1.1 Started
10/09/28 15:54:04.125 tykeknit-api-webapp: action: Entering Actionservlet
10/09/28 15:54:04.125 tykeknit-api-webapp: action: Initializing Logger...
10/09/28 15:54:04.140 tykeknit-api-webapp: 10.1.3.1.1 Started
10/09/28 16:04:45.453 10.1.3.1.1 Started
10/09/28 16:04:48.562 tykeknit-api-webapp: action: Entering Actionservlet
10/09/28 16:04:48.562 tykeknit-api-webapp: action: Initializing Logger...
10/09/28 16:04:48.562 tykeknit-api-webapp: 10.1.3.1.1 Started
10/09/29 15:05:54.46 10.1.3.1.1 Started
10/09/29 15:05:58.671 tykeknit-api-webapp: action: Entering Actionservlet
10/09/29 15:05:58.671 tykeknit-api-webapp: action: Initializing Logger...
10/09/29 15:05:58.718 tykeknit-api-webapp: 10.1.3.1.1 Started
10/09/29 15:38:25.875 10.1.3.1.1 Started
10/09/29 15:38:29.234 tykeknit-api-webapp: action: Entering Actionservlet
10/09/29 15:38:29.234 tykeknit-api-webapp: action: Initializing Logger...
10/09/29 15:38:29.234 tykeknit-api-webapp: 10.1.3.1.1 Started
10/09/29 15:42:02.625 10.1.3.1.1 Started
10/09/29 15:42:05.937 tykeknit-api-webapp: action: Entering Actionservlet
10/09/29 15:42:05.937 tykeknit-api-webapp: action: Initializing Logger...
10/09/29 15:42:05.937 tykeknit-api-webapp: 10.1.3.1.1 Started
10/10/01 11:44:19.390 10.1.3.1.1 Started
10/10/01 11:44:26.640 tykeknit-api-webapp: action: Entering Actionservlet
10/10/01 11:44:26.640 tykeknit-api-webapp: action: Initializing Logger...
10/10/01 11:44:26.703 tykeknit-api-webapp: 10.1.3.1.1 Started
10/10/01 12:01:38.359 tykeknit-api-webapp: Servlet error
java.lang.NoSuchMethodError: org.postgresql.largeobject.LargeObjectManager.createLO(I)J
	at com.tykeknit.web.api.beans.LOOperations.getLargeObjectId(LOOperations.java:106)
	at com.tykeknit.web.api.beans.Operations.addImage(Operations.java:255)
	at com.tykeknit.web.api.actions.register.execute(register.java:99)
	at org.apache.struts.action.RequestProcessor.processActionPerform(RequestProcessor.java:425)
	at org.apache.struts.action.RequestProcessor.process(RequestProcessor.java:228)
	at org.apache.struts.action.ActionServlet.process(ActionServlet.java:1913)
	at com.tykeknit.web.action.ActionServlet.process(ActionServlet.java:88)
	at org.apache.struts.action.ActionServlet.doPost(ActionServlet.java:462)
	at javax.servlet.http.HttpServlet.service(HttpServlet.java:763)
	at javax.servlet.http.HttpServlet.service(HttpServlet.java:856)
	at com.evermind[Oracle Containers for J2EE 10g (10.1.3.1.1) ].server.http.ServletRequestDispatcher.invoke(ServletRequestDispatcher.java:712)
	at com.evermind[Oracle Containers for J2EE 10g (10.1.3.1.1) ].server.http.ServletRequestDispatcher.forwardInternal(ServletRequestDispatcher.java:369)
	at com.evermind[Oracle Containers for J2EE 10g (10.1.3.1.1) ].server.http.HttpRequestHandler.doProcessRequest(HttpRequestHandler.java:865)
	at com.evermind[Oracle Containers for J2EE 10g (10.1.3.1.1) ].server.http.HttpRequestHandler.processRequest(HttpRequestHandler.java:447)
	at com.evermind[Oracle Containers for J2EE 10g (10.1.3.1.1) ].server.http.HttpRequestHandler.serveOneRequest(HttpRequestHandler.java:215)
	at com.evermind[Oracle Containers for J2EE 10g (10.1.3.1.1) ].server.http.HttpRequestHandler.run(HttpRequestHandler.java:117)
	at com.evermind[Oracle Containers for J2EE 10g (10.1.3.1.1) ].server.http.HttpRequestHandler.run(HttpRequestHandler.java:110)
	at oracle.oc4j.network.ServerSocketReadHandler$SafeRunnable.run(ServerSocketReadHandler.java:260)
	at oracle.oc4j.network.ServerSocketAcceptHandler.procClientSocket(ServerSocketAcceptHandler.java:239)
	at oracle.oc4j.network.ServerSocketAcceptHandler.access$700(ServerSocketAcceptHandler.java:34)
	at oracle.oc4j.network.ServerSocketAcceptHandler$AcceptHandlerHorse.run(ServerSocketAcceptHandler.java:880)
	at com.evermind[Oracle Containers for J2EE 10g (10.1.3.1.1) ].util.ReleasableResourcePooledExecutor$MyWorker.run(ReleasableResourcePooledExecutor.java:303)
	at java.lang.Thread.run(Thread.java:595)
10/10/01 12:10:51.515 10.1.3.1.1 Started
10/10/01 12:10:57.93 tykeknit-api-webapp: action: Entering Actionservlet
10/10/01 12:10:57.93 tykeknit-api-webapp: action: Initializing Logger...
10/10/01 12:10:57.93 tykeknit-api-webapp: 10.1.3.1.1 Started
10/10/01 12:11:11.359 tykeknit-api-webapp: Servlet error
java.lang.NoSuchMethodError: org.postgresql.largeobject.LargeObjectManager.createLO(I)J
	at com.tykeknit.web.api.beans.LOOperations.getLargeObjectId(LOOperations.java:106)
	at com.tykeknit.web.api.beans.Operations.addImage(Operations.java:256)
	at com.tykeknit.web.api.actions.register.execute(register.java:99)
	at org.apache.struts.action.RequestProcessor.processActionPerform(RequestProcessor.java:425)
	at org.apache.struts.action.RequestProcessor.process(RequestProcessor.java:228)
	at org.apache.struts.action.ActionServlet.process(ActionServlet.java:1913)
	at com.tykeknit.web.action.ActionServlet.process(ActionServlet.java:88)
	at org.apache.struts.action.ActionServlet.doPost(ActionServlet.java:462)
	at javax.servlet.http.HttpServlet.service(HttpServlet.java:763)
	at javax.servlet.http.HttpServlet.service(HttpServlet.java:856)
	at com.evermind[Oracle Containers for J2EE 10g (10.1.3.1.1) ].server.http.ServletRequestDispatcher.invoke(ServletRequestDispatcher.java:712)
	at com.evermind[Oracle Containers for J2EE 10g (10.1.3.1.1) ].server.http.ServletRequestDispatcher.forwardInternal(ServletRequestDispatcher.java:369)
	at com.evermind[Oracle Containers for J2EE 10g (10.1.3.1.1) ].server.http.HttpRequestHandler.doProcessRequest(HttpRequestHandler.java:865)
	at com.evermind[Oracle Containers for J2EE 10g (10.1.3.1.1) ].server.http.HttpRequestHandler.processRequest(HttpRequestHandler.java:447)
	at com.evermind[Oracle Containers for J2EE 10g (10.1.3.1.1) ].server.http.HttpRequestHandler.serveOneRequest(HttpRequestHandler.java:215)
	at com.evermind[Oracle Containers for J2EE 10g (10.1.3.1.1) ].server.http.HttpRequestHandler.run(HttpRequestHandler.java:117)
	at com.evermind[Oracle Containers for J2EE 10g (10.1.3.1.1) ].server.http.HttpRequestHandler.run(HttpRequestHandler.java:110)
	at oracle.oc4j.network.ServerSocketReadHandler$SafeRunnable.run(ServerSocketReadHandler.java:260)
	at oracle.oc4j.network.ServerSocketAcceptHandler.procClientSocket(ServerSocketAcceptHandler.java:239)
	at oracle.oc4j.network.ServerSocketAcceptHandler.access$700(ServerSocketAcceptHandler.java:34)
	at oracle.oc4j.network.ServerSocketAcceptHandler$AcceptHandlerHorse.run(ServerSocketAcceptHandler.java:880)
	at com.evermind[Oracle Containers for J2EE 10g (10.1.3.1.1) ].util.ReleasableResourcePooledExecutor$MyWorker.run(ReleasableResourcePooledExecutor.java:303)
	at java.lang.Thread.run(Thread.java:595)
10/10/01 12:29:24.578 10.1.3.1.1 Started
10/10/01 12:29:30.171 tykeknit-api-webapp: action: Entering Actionservlet
10/10/01 12:29:30.171 tykeknit-api-webapp: action: Initializing Logger...
10/10/01 12:29:30.187 tykeknit-api-webapp: 10.1.3.1.1 Started
10/10/01 12:30:21.453 tykeknit-api-webapp: Servlet error
java.lang.NoSuchMethodError: org.postgresql.largeobject.LargeObjectManager.createLO(I)J
	at com.tykeknit.web.api.beans.LOOperations.getLargeObjectId(LOOperations.java:114)
	at com.tykeknit.web.api.beans.Operations.addImage(Operations.java:256)
	at com.tykeknit.web.api.actions.register.execute(register.java:99)
	at org.apache.struts.action.RequestProcessor.processActionPerform(RequestProcessor.java:425)
	at org.apache.struts.action.RequestProcessor.process(RequestProcessor.java:228)
	at org.apache.struts.action.ActionServlet.process(ActionServlet.java:1913)
	at com.tykeknit.web.action.ActionServlet.process(ActionServlet.java:88)
	at org.apache.struts.action.ActionServlet.doPost(ActionServlet.java:462)
	at javax.servlet.http.HttpServlet.service(HttpServlet.java:763)
	at javax.servlet.http.HttpServlet.service(HttpServlet.java:856)
	at com.evermind[Oracle Containers for J2EE 10g (10.1.3.1.1) ].server.http.ServletRequestDispatcher.invoke(ServletRequestDispatcher.java:712)
	at com.evermind[Oracle Containers for J2EE 10g (10.1.3.1.1) ].server.http.ServletRequestDispatcher.forwardInternal(ServletRequestDispatcher.java:369)
	at com.evermind[Oracle Containers for J2EE 10g (10.1.3.1.1) ].server.http.HttpRequestHandler.doProcessRequest(HttpRequestHandler.java:865)
	at com.evermind[Oracle Containers for J2EE 10g (10.1.3.1.1) ].server.http.HttpRequestHandler.processRequest(HttpRequestHandler.java:447)
	at com.evermind[Oracle Containers for J2EE 10g (10.1.3.1.1) ].server.http.HttpRequestHandler.serveOneRequest(HttpRequestHandler.java:215)
	at com.evermind[Oracle Containers for J2EE 10g (10.1.3.1.1) ].server.http.HttpRequestHandler.run(HttpRequestHandler.java:117)
	at com.evermind[Oracle Containers for J2EE 10g (10.1.3.1.1) ].server.http.HttpRequestHandler.run(HttpRequestHandler.java:110)
	at oracle.oc4j.network.ServerSocketReadHandler$SafeRunnable.run(ServerSocketReadHandler.java:260)
	at oracle.oc4j.network.ServerSocketAcceptHandler.procClientSocket(ServerSocketAcceptHandler.java:239)
	at oracle.oc4j.network.ServerSocketAcceptHandler.access$700(ServerSocketAcceptHandler.java:34)
	at oracle.oc4j.network.ServerSocketAcceptHandler$AcceptHandlerHorse.run(ServerSocketAcceptHandler.java:880)
	at com.evermind[Oracle Containers for J2EE 10g (10.1.3.1.1) ].util.ReleasableResourcePooledExecutor$MyWorker.run(ReleasableResourcePooledExecutor.java:303)
	at java.lang.Thread.run(Thread.java:595)
10/10/01 12:39:02.687 10.1.3.1.1 Started
10/10/01 12:39:08.234 tykeknit-api-webapp: action: Entering Actionservlet
10/10/01 12:39:08.234 tykeknit-api-webapp: action: Initializing Logger...
10/10/01 12:39:08.250 tykeknit-api-webapp: 10.1.3.1.1 Started
10/10/01 12:39:55.843 tykeknit-api-webapp: Servlet error
java.lang.NoSuchMethodError: org.postgresql.largeobject.LargeObjectManager.createLO(I)J
	at com.tykeknit.web.api.beans.LOOperations.getLargeObjectId(LOOperations.java:114)
	at com.tykeknit.web.api.beans.Operations.addImage(Operations.java:256)
	at com.tykeknit.web.api.actions.register.execute(register.java:99)
	at org.apache.struts.action.RequestProcessor.processActionPerform(RequestProcessor.java:425)
	at org.apache.struts.action.RequestProcessor.process(RequestProcessor.java:228)
	at org.apache.struts.action.ActionServlet.process(ActionServlet.java:1913)
	at com.tykeknit.web.action.ActionServlet.process(ActionServlet.java:88)
	at org.apache.struts.action.ActionServlet.doPost(ActionServlet.java:462)
	at javax.servlet.http.HttpServlet.service(HttpServlet.java:763)
	at javax.servlet.http.HttpServlet.service(HttpServlet.java:856)
	at com.evermind[Oracle Containers for J2EE 10g (10.1.3.1.1) ].server.http.ServletRequestDispatcher.invoke(ServletRequestDispatcher.java:712)
	at com.evermind[Oracle Containers for J2EE 10g (10.1.3.1.1) ].server.http.ServletRequestDispatcher.forwardInternal(ServletRequestDispatcher.java:369)
	at com.evermind[Oracle Containers for J2EE 10g (10.1.3.1.1) ].server.http.HttpRequestHandler.doProcessRequest(HttpRequestHandler.java:865)
	at com.evermind[Oracle Containers for J2EE 10g (10.1.3.1.1) ].server.http.HttpRequestHandler.processRequest(HttpRequestHandler.java:447)
	at com.evermind[Oracle Containers for J2EE 10g (10.1.3.1.1) ].server.http.HttpRequestHandler.serveOneRequest(HttpRequestHandler.java:215)
	at com.evermind[Oracle Containers for J2EE 10g (10.1.3.1.1) ].server.http.HttpRequestHandler.run(HttpRequestHandler.java:117)
	at com.evermind[Oracle Containers for J2EE 10g (10.1.3.1.1) ].server.http.HttpRequestHandler.run(HttpRequestHandler.java:110)
	at oracle.oc4j.network.ServerSocketReadHandler$SafeRunnable.run(ServerSocketReadHandler.java:260)
	at oracle.oc4j.network.ServerSocketAcceptHandler.procClientSocket(ServerSocketAcceptHandler.java:239)
	at oracle.oc4j.network.ServerSocketAcceptHandler.access$700(ServerSocketAcceptHandler.java:34)
	at oracle.oc4j.network.ServerSocketAcceptHandler$AcceptHandlerHorse.run(ServerSocketAcceptHandler.java:880)
	at com.evermind[Oracle Containers for J2EE 10g (10.1.3.1.1) ].util.ReleasableResourcePooledExecutor$MyWorker.run(ReleasableResourcePooledExecutor.java:303)
	at java.lang.Thread.run(Thread.java:595)
10/10/01 12:56:23.171 10.1.3.1.1 Started
10/10/01 12:56:28.687 tykeknit-api-webapp: action: Entering Actionservlet
10/10/01 12:56:28.687 tykeknit-api-webapp: action: Initializing Logger...
10/10/01 12:56:28.687 tykeknit-api-webapp: 10.1.3.1.1 Started
10/10/01 12:56:48.203 tykeknit-api-webapp: Servlet error
java.lang.NoSuchMethodError: org.postgresql.largeobject.LargeObjectManager.createLO(I)J
	at com.tykeknit.web.api.beans.LOOperations.getLargeObjectId(LOOperations.java:114)
	at com.tykeknit.web.api.beans.Operations.addImage(Operations.java:256)
	at com.tykeknit.web.api.actions.register.execute(register.java:99)
	at org.apache.struts.action.RequestProcessor.processActionPerform(RequestProcessor.java:425)
	at org.apache.struts.action.RequestProcessor.process(RequestProcessor.java:228)
	at org.apache.struts.action.ActionServlet.process(ActionServlet.java:1913)
	at com.tykeknit.web.action.ActionServlet.process(ActionServlet.java:88)
	at org.apache.struts.action.ActionServlet.doPost(ActionServlet.java:462)
	at javax.servlet.http.HttpServlet.service(HttpServlet.java:763)
	at javax.servlet.http.HttpServlet.service(HttpServlet.java:856)
	at com.evermind[Oracle Containers for J2EE 10g (10.1.3.1.1) ].server.http.ServletRequestDispatcher.invoke(ServletRequestDispatcher.java:712)
	at com.evermind[Oracle Containers for J2EE 10g (10.1.3.1.1) ].server.http.ServletRequestDispatcher.forwardInternal(ServletRequestDispatcher.java:369)
	at com.evermind[Oracle Containers for J2EE 10g (10.1.3.1.1) ].server.http.HttpRequestHandler.doProcessRequest(HttpRequestHandler.java:865)
	at com.evermind[Oracle Containers for J2EE 10g (10.1.3.1.1) ].server.http.HttpRequestHandler.processRequest(HttpRequestHandler.java:447)
	at com.evermind[Oracle Containers for J2EE 10g (10.1.3.1.1) ].server.http.HttpRequestHandler.serveOneRequest(HttpRequestHandler.java:215)
	at com.evermind[Oracle Containers for J2EE 10g (10.1.3.1.1) ].server.http.HttpRequestHandler.run(HttpRequestHandler.java:117)
	at com.evermind[Oracle Containers for J2EE 10g (10.1.3.1.1) ].server.http.HttpRequestHandler.run(HttpRequestHandler.java:110)
	at oracle.oc4j.network.ServerSocketReadHandler$SafeRunnable.run(ServerSocketReadHandler.java:260)
	at oracle.oc4j.network.ServerSocketAcceptHandler.procClientSocket(ServerSocketAcceptHandler.java:239)
	at oracle.oc4j.network.ServerSocketAcceptHandler.access$700(ServerSocketAcceptHandler.java:34)
	at oracle.oc4j.network.ServerSocketAcceptHandler$AcceptHandlerHorse.run(ServerSocketAcceptHandler.java:880)
	at com.evermind[Oracle Containers for J2EE 10g (10.1.3.1.1) ].util.ReleasableResourcePooledExecutor$MyWorker.run(ReleasableResourcePooledExecutor.java:303)
	at java.lang.Thread.run(Thread.java:595)
10/10/01 14:36:05.453 10.1.3.1.1 Started
10/10/01 14:36:13.343 tykeknit-api-webapp: action: Entering Actionservlet
10/10/01 14:36:13.343 tykeknit-api-webapp: action: Initializing Logger...
10/10/01 14:36:13.375 tykeknit-api-webapp: 10.1.3.1.1 Started
10/10/01 14:37:41.625 tykeknit-api-webapp: Servlet error
java.lang.NoSuchMethodError: org.postgresql.largeobject.LargeObjectManager.createLO(I)J
	at com.tykeknit.web.api.beans.LOOperations.getLargeObjectId(LOOperations.java:114)
	at com.tykeknit.web.api.beans.Operations.addImage(Operations.java:256)
	at com.tykeknit.web.api.actions.register.execute(register.java:98)
	at org.apache.struts.action.RequestProcessor.processActionPerform(RequestProcessor.java:425)
	at org.apache.struts.action.RequestProcessor.process(RequestProcessor.java:228)
	at org.apache.struts.action.ActionServlet.process(ActionServlet.java:1913)
	at com.tykeknit.web.action.ActionServlet.process(ActionServlet.java:88)
	at org.apache.struts.action.ActionServlet.doPost(ActionServlet.java:462)
	at javax.servlet.http.HttpServlet.service(HttpServlet.java:763)
	at javax.servlet.http.HttpServlet.service(HttpServlet.java:856)
	at com.evermind[Oracle Containers for J2EE 10g (10.1.3.1.1) ].server.http.ServletRequestDispatcher.invoke(ServletRequestDispatcher.java:712)
	at com.evermind[Oracle Containers for J2EE 10g (10.1.3.1.1) ].server.http.ServletRequestDispatcher.forwardInternal(ServletRequestDispatcher.java:369)
	at com.evermind[Oracle Containers for J2EE 10g (10.1.3.1.1) ].server.http.HttpRequestHandler.doProcessRequest(HttpRequestHandler.java:865)
	at com.evermind[Oracle Containers for J2EE 10g (10.1.3.1.1) ].server.http.HttpRequestHandler.processRequest(HttpRequestHandler.java:447)
	at com.evermind[Oracle Containers for J2EE 10g (10.1.3.1.1) ].server.http.HttpRequestHandler.serveOneRequest(HttpRequestHandler.java:215)
	at com.evermind[Oracle Containers for J2EE 10g (10.1.3.1.1) ].server.http.HttpRequestHandler.run(HttpRequestHandler.java:117)
	at com.evermind[Oracle Containers for J2EE 10g (10.1.3.1.1) ].server.http.HttpRequestHandler.run(HttpRequestHandler.java:110)
	at oracle.oc4j.network.ServerSocketReadHandler$SafeRunnable.run(ServerSocketReadHandler.java:260)
	at oracle.oc4j.network.ServerSocketAcceptHandler.procClientSocket(ServerSocketAcceptHandler.java:239)
	at oracle.oc4j.network.ServerSocketAcceptHandler.access$700(ServerSocketAcceptHandler.java:34)
	at oracle.oc4j.network.ServerSocketAcceptHandler$AcceptHandlerHorse.run(ServerSocketAcceptHandler.java:880)
	at com.evermind[Oracle Containers for J2EE 10g (10.1.3.1.1) ].util.ReleasableResourcePooledExecutor$MyWorker.run(ReleasableResourcePooledExecutor.java:303)
	at java.lang.Thread.run(Thread.java:595)
10/10/01 14:38:12.31 10.1.3.1.1 Started
10/10/01 14:38:20.656 tykeknit-api-webapp: action: Entering Actionservlet
10/10/01 14:38:20.656 tykeknit-api-webapp: action: Initializing Logger...
10/10/01 14:38:20.671 tykeknit-api-webapp: 10.1.3.1.1 Started
10/10/01 14:39:26.515 tykeknit-api-webapp: Servlet error
java.lang.NoSuchMethodError: org.postgresql.largeobject.LargeObjectManager.createLO(I)J
	at com.tykeknit.web.api.beans.LOOperations.getLargeObjectId(LOOperations.java:114)
	at com.tykeknit.web.api.beans.Operations.addImage(Operations.java:256)
	at com.tykeknit.web.api.actions.register.execute(register.java:98)
	at org.apache.struts.action.RequestProcessor.processActionPerform(RequestProcessor.java:425)
	at org.apache.struts.action.RequestProcessor.process(RequestProcessor.java:228)
	at org.apache.struts.action.ActionServlet.process(ActionServlet.java:1913)
	at com.tykeknit.web.action.ActionServlet.process(ActionServlet.java:88)
	at org.apache.struts.action.ActionServlet.doPost(ActionServlet.java:462)
	at javax.servlet.http.HttpServlet.service(HttpServlet.java:763)
	at javax.servlet.http.HttpServlet.service(HttpServlet.java:856)
	at com.evermind[Oracle Containers for J2EE 10g (10.1.3.1.1) ].server.http.ServletRequestDispatcher.invoke(ServletRequestDispatcher.java:712)
	at com.evermind[Oracle Containers for J2EE 10g (10.1.3.1.1) ].server.http.ServletRequestDispatcher.forwardInternal(ServletRequestDispatcher.java:369)
	at com.evermind[Oracle Containers for J2EE 10g (10.1.3.1.1) ].server.http.HttpRequestHandler.doProcessRequest(HttpRequestHandler.java:865)
	at com.evermind[Oracle Containers for J2EE 10g (10.1.3.1.1) ].server.http.HttpRequestHandler.processRequest(HttpRequestHandler.java:447)
	at com.evermind[Oracle Containers for J2EE 10g (10.1.3.1.1) ].server.http.HttpRequestHandler.serveOneRequest(HttpRequestHandler.java:215)
	at com.evermind[Oracle Containers for J2EE 10g (10.1.3.1.1) ].server.http.HttpRequestHandler.run(HttpRequestHandler.java:117)
	at com.evermind[Oracle Containers for J2EE 10g (10.1.3.1.1) ].server.http.HttpRequestHandler.run(HttpRequestHandler.java:110)
	at oracle.oc4j.network.ServerSocketReadHandler$SafeRunnable.run(ServerSocketReadHandler.java:260)
	at oracle.oc4j.network.ServerSocketAcceptHandler.procClientSocket(ServerSocketAcceptHandler.java:239)
	at oracle.oc4j.network.ServerSocketAcceptHandler.access$700(ServerSocketAcceptHandler.java:34)
	at oracle.oc4j.network.ServerSocketAcceptHandler$AcceptHandlerHorse.run(ServerSocketAcceptHandler.java:880)
	at com.evermind[Oracle Containers for J2EE 10g (10.1.3.1.1) ].util.ReleasableResourcePooledExecutor$MyWorker.run(ReleasableResourcePooledExecutor.java:303)
	at java.lang.Thread.run(Thread.java:595)
10/10/01 15:01:27.31 10.1.3.1.1 Started
10/10/01 15:01:33.250 tykeknit-api-webapp: action: Entering Actionservlet
10/10/01 15:01:33.250 tykeknit-api-webapp: action: Initializing Logger...
10/10/01 15:01:33.265 tykeknit-api-webapp: 10.1.3.1.1 Started
10/10/01 15:01:44.765 tykeknit-api-webapp: Servlet error
java.lang.NoSuchMethodError: org.postgresql.largeobject.LargeObjectManager.createLO(I)J
	at com.tykeknit.web.api.beans.LOOperations.getLargeObjectId(LOOperations.java:110)
	at com.tykeknit.web.api.beans.Operations.addImage(Operations.java:256)
	at com.tykeknit.web.api.actions.register.execute(register.java:98)
	at org.apache.struts.action.RequestProcessor.processActionPerform(RequestProcessor.java:425)
	at org.apache.struts.action.RequestProcessor.process(RequestProcessor.java:228)
	at org.apache.struts.action.ActionServlet.process(ActionServlet.java:1913)
	at com.tykeknit.web.action.ActionServlet.process(ActionServlet.java:88)
	at org.apache.struts.action.ActionServlet.doPost(ActionServlet.java:462)
	at javax.servlet.http.HttpServlet.service(HttpServlet.java:763)
	at javax.servlet.http.HttpServlet.service(HttpServlet.java:856)
	at com.evermind[Oracle Containers for J2EE 10g (10.1.3.1.1) ].server.http.ServletRequestDispatcher.invoke(ServletRequestDispatcher.java:712)
	at com.evermind[Oracle Containers for J2EE 10g (10.1.3.1.1) ].server.http.ServletRequestDispatcher.forwardInternal(ServletRequestDispatcher.java:369)
	at com.evermind[Oracle Containers for J2EE 10g (10.1.3.1.1) ].server.http.HttpRequestHandler.doProcessRequest(HttpRequestHandler.java:865)
	at com.evermind[Oracle Containers for J2EE 10g (10.1.3.1.1) ].server.http.HttpRequestHandler.processRequest(HttpRequestHandler.java:447)
	at com.evermind[Oracle Containers for J2EE 10g (10.1.3.1.1) ].server.http.HttpRequestHandler.serveOneRequest(HttpRequestHandler.java:215)
	at com.evermind[Oracle Containers for J2EE 10g (10.1.3.1.1) ].server.http.HttpRequestHandler.run(HttpRequestHandler.java:117)
	at com.evermind[Oracle Containers for J2EE 10g (10.1.3.1.1) ].server.http.HttpRequestHandler.run(HttpRequestHandler.java:110)
	at oracle.oc4j.network.ServerSocketReadHandler$SafeRunnable.run(ServerSocketReadHandler.java:260)
	at oracle.oc4j.network.ServerSocketAcceptHandler.procClientSocket(ServerSocketAcceptHandler.java:239)
	at oracle.oc4j.network.ServerSocketAcceptHandler.access$700(ServerSocketAcceptHandler.java:34)
	at oracle.oc4j.network.ServerSocketAcceptHandler$AcceptHandlerHorse.run(ServerSocketAcceptHandler.java:880)
	at com.evermind[Oracle Containers for J2EE 10g (10.1.3.1.1) ].util.ReleasableResourcePooledExecutor$MyWorker.run(ReleasableResourcePooledExecutor.java:303)
	at java.lang.Thread.run(Thread.java:595)
10/10/01 16:22:48.890 10.1.3.1.1 Started
10/10/01 16:22:55.734 tykeknit-api-webapp: action: Entering Actionservlet
10/10/01 16:22:55.734 tykeknit-api-webapp: action: Initializing Logger...
10/10/01 16:22:55.734 tykeknit-api-webapp: 10.1.3.1.1 Started
10/10/01 16:23:52.234 tykeknit-api-webapp: Servlet error
java.lang.NoSuchMethodError: org.postgresql.largeobject.LargeObjectManager.createLO(I)J
	at com.tykeknit.web.api.beans.LOOperations.getLargeObjectId(LOOperations.java:110)
	at com.tykeknit.web.api.beans.Operations.addImage(Operations.java:256)
	at com.tykeknit.web.api.actions.register.execute(register.java:98)
	at org.apache.struts.action.RequestProcessor.processActionPerform(RequestProcessor.java:425)
	at org.apache.struts.action.RequestProcessor.process(RequestProcessor.java:228)
	at org.apache.struts.action.ActionServlet.process(ActionServlet.java:1913)
	at com.tykeknit.web.action.ActionServlet.process(ActionServlet.java:88)
	at org.apache.struts.action.ActionServlet.doPost(ActionServlet.java:462)
	at javax.servlet.http.HttpServlet.service(HttpServlet.java:763)
	at javax.servlet.http.HttpServlet.service(HttpServlet.java:856)
	at com.evermind[Oracle Containers for J2EE 10g (10.1.3.1.1) ].server.http.ServletRequestDispatcher.invoke(ServletRequestDispatcher.java:712)
	at com.evermind[Oracle Containers for J2EE 10g (10.1.3.1.1) ].server.http.ServletRequestDispatcher.forwardInternal(ServletRequestDispatcher.java:369)
	at com.evermind[Oracle Containers for J2EE 10g (10.1.3.1.1) ].server.http.HttpRequestHandler.doProcessRequest(HttpRequestHandler.java:865)
	at com.evermind[Oracle Containers for J2EE 10g (10.1.3.1.1) ].server.http.HttpRequestHandler.processRequest(HttpRequestHandler.java:447)
	at com.evermind[Oracle Containers for J2EE 10g (10.1.3.1.1) ].server.http.HttpRequestHandler.serveOneRequest(HttpRequestHandler.java:215)
	at com.evermind[Oracle Containers for J2EE 10g (10.1.3.1.1) ].server.http.HttpRequestHandler.run(HttpRequestHandler.java:117)
	at com.evermind[Oracle Containers for J2EE 10g (10.1.3.1.1) ].server.http.HttpRequestHandler.run(HttpRequestHandler.java:110)
	at oracle.oc4j.network.ServerSocketReadHandler$SafeRunnable.run(ServerSocketReadHandler.java:260)
	at oracle.oc4j.network.ServerSocketAcceptHandler.procClientSocket(ServerSocketAcceptHandler.java:239)
	at oracle.oc4j.network.ServerSocketAcceptHandler.access$700(ServerSocketAcceptHandler.java:34)
	at oracle.oc4j.network.ServerSocketAcceptHandler$AcceptHandlerHorse.run(ServerSocketAcceptHandler.java:880)
	at com.evermind[Oracle Containers for J2EE 10g (10.1.3.1.1) ].util.ReleasableResourcePooledExecutor$MyWorker.run(ReleasableResourcePooledExecutor.java:303)
	at java.lang.Thread.run(Thread.java:595)
10/10/01 16:42:44.484 10.1.3.1.1 Started
10/10/01 16:42:50.218 tykeknit-api-webapp: action: Entering Actionservlet
10/10/01 16:42:50.218 tykeknit-api-webapp: action: Initializing Logger...
10/10/01 16:42:50.218 tykeknit-api-webapp: 10.1.3.1.1 Started
10/10/01 16:43:01.437 tykeknit-api-webapp: Servlet error
java.lang.NoSuchMethodError: org.postgresql.largeobject.LargeObjectManager.createLO(I)J
	at com.tykeknit.web.api.beans.LOOperations.getLargeObjectId(LOOperations.java:110)
	at com.tykeknit.web.api.beans.Operations.addImage(Operations.java:256)
	at com.tykeknit.web.api.actions.register.execute(register.java:98)
	at org.apache.struts.action.RequestProcessor.processActionPerform(RequestProcessor.java:425)
	at org.apache.struts.action.RequestProcessor.process(RequestProcessor.java:228)
	at org.apache.struts.action.ActionServlet.process(ActionServlet.java:1913)
	at com.tykeknit.web.action.ActionServlet.process(ActionServlet.java:88)
	at org.apache.struts.action.ActionServlet.doPost(ActionServlet.java:462)
	at javax.servlet.http.HttpServlet.service(HttpServlet.java:763)
	at javax.servlet.http.HttpServlet.service(HttpServlet.java:856)
	at com.evermind[Oracle Containers for J2EE 10g (10.1.3.1.1) ].server.http.ServletRequestDispatcher.invoke(ServletRequestDispatcher.java:712)
	at com.evermind[Oracle Containers for J2EE 10g (10.1.3.1.1) ].server.http.ServletRequestDispatcher.forwardInternal(ServletRequestDispatcher.java:369)
	at com.evermind[Oracle Containers for J2EE 10g (10.1.3.1.1) ].server.http.HttpRequestHandler.doProcessRequest(HttpRequestHandler.java:865)
	at com.evermind[Oracle Containers for J2EE 10g (10.1.3.1.1) ].server.http.HttpRequestHandler.processRequest(HttpRequestHandler.java:447)
	at com.evermind[Oracle Containers for J2EE 10g (10.1.3.1.1) ].server.http.HttpRequestHandler.serveOneRequest(HttpRequestHandler.java:215)
	at com.evermind[Oracle Containers for J2EE 10g (10.1.3.1.1) ].server.http.HttpRequestHandler.run(HttpRequestHandler.java:117)
	at com.evermind[Oracle Containers for J2EE 10g (10.1.3.1.1) ].server.http.HttpRequestHandler.run(HttpRequestHandler.java:110)
	at oracle.oc4j.network.ServerSocketReadHandler$SafeRunnable.run(ServerSocketReadHandler.java:260)
	at oracle.oc4j.network.ServerSocketAcceptHandler.procClientSocket(ServerSocketAcceptHandler.java:239)
	at oracle.oc4j.network.ServerSocketAcceptHandler.access$700(ServerSocketAcceptHandler.java:34)
	at oracle.oc4j.network.ServerSocketAcceptHandler$AcceptHandlerHorse.run(ServerSocketAcceptHandler.java:880)
	at com.evermind[Oracle Containers for J2EE 10g (10.1.3.1.1) ].util.ReleasableResourcePooledExecutor$MyWorker.run(ReleasableResourcePooledExecutor.java:303)
	at java.lang.Thread.run(Thread.java:595)
10/10/01 19:22:30.250 tykeknit-api-webapp: 10.1.3.1.1 Stopped
10/10/01 19:22:30.875 10.1.3.1.1 Started
10/10/01 19:22:33.125 tykeknit-api-webapp: action: Entering Actionservlet
10/10/01 19:22:33.125 tykeknit-api-webapp: action: Initializing Logger...
10/10/01 19:22:33.140 tykeknit-api-webapp: 10.1.3.1.1 Started
10/10/01 19:24:05.515 tykeknit-api-webapp: Servlet error
java.lang.NoSuchMethodError: org.postgresql.largeobject.LargeObjectManager.open(JI)Lorg/postgresql/largeobject/LargeObject;
	at com.tykeknit.web.api.beans.LOOperations.putLargeObjectContent(LOOperations.java:80)
	at com.tykeknit.web.api.beans.Operations.addImage(Operations.java:262)
	at com.tykeknit.web.api.actions.register.execute(register.java:98)
	at org.apache.struts.action.RequestProcessor.processActionPerform(RequestProcessor.java:425)
	at org.apache.struts.action.RequestProcessor.process(RequestProcessor.java:228)
	at org.apache.struts.action.ActionServlet.process(ActionServlet.java:1913)
	at com.tykeknit.web.action.ActionServlet.process(ActionServlet.java:88)
	at org.apache.struts.action.ActionServlet.doPost(ActionServlet.java:462)
	at javax.servlet.http.HttpServlet.service(HttpServlet.java:763)
	at javax.servlet.http.HttpServlet.service(HttpServlet.java:856)
	at com.evermind[Oracle Containers for J2EE 10g (10.1.3.1.1) ].server.http.ServletRequestDispatcher.invoke(ServletRequestDispatcher.java:712)
	at com.evermind[Oracle Containers for J2EE 10g (10.1.3.1.1) ].server.http.ServletRequestDispatcher.forwardInternal(ServletRequestDispatcher.java:369)
	at com.evermind[Oracle Containers for J2EE 10g (10.1.3.1.1) ].server.http.HttpRequestHandler.doProcessRequest(HttpRequestHandler.java:865)
	at com.evermind[Oracle Containers for J2EE 10g (10.1.3.1.1) ].server.http.HttpRequestHandler.processRequest(HttpRequestHandler.java:447)
	at com.evermind[Oracle Containers for J2EE 10g (10.1.3.1.1) ].server.http.HttpRequestHandler.serveOneRequest(HttpRequestHandler.java:215)
	at com.evermind[Oracle Containers for J2EE 10g (10.1.3.1.1) ].server.http.HttpRequestHandler.run(HttpRequestHandler.java:117)
	at com.evermind[Oracle Containers for J2EE 10g (10.1.3.1.1) ].server.http.HttpRequestHandler.run(HttpRequestHandler.java:110)
	at oracle.oc4j.network.ServerSocketReadHandler$SafeRunnable.run(ServerSocketReadHandler.java:260)
	at oracle.oc4j.network.ServerSocketAcceptHandler.procClientSocket(ServerSocketAcceptHandler.java:239)
	at oracle.oc4j.network.ServerSocketAcceptHandler.access$700(ServerSocketAcceptHandler.java:34)
	at oracle.oc4j.network.ServerSocketAcceptHandler$AcceptHandlerHorse.run(ServerSocketAcceptHandler.java:880)
	at com.evermind[Oracle Containers for J2EE 10g (10.1.3.1.1) ].util.ReleasableResourcePooledExecutor$MyWorker.run(ReleasableResourcePooledExecutor.java:303)
	at java.lang.Thread.run(Thread.java:595)
10/10/01 19:26:42.484 10.1.3.1.1 Started
10/10/01 19:26:48.328 tykeknit-api-webapp: action: Entering Actionservlet
10/10/01 19:26:48.328 tykeknit-api-webapp: action: Initializing Logger...
10/10/01 19:26:48.343 tykeknit-api-webapp: 10.1.3.1.1 Started
10/10/01 20:43:37.156 10.1.3.1.1 Started
10/10/01 20:43:42.906 tykeknit-api-webapp: action: Entering Actionservlet
10/10/01 20:43:42.906 tykeknit-api-webapp: action: Initializing Logger...
10/10/01 20:43:42.921 tykeknit-api-webapp: 10.1.3.1.1 Started
10/10/01 20:57:18.625 10.1.3.1.1 Started
10/10/01 20:57:24.250 tykeknit-api-webapp: action: Entering Actionservlet
10/10/01 20:57:24.250 tykeknit-api-webapp: action: Initializing Logger...
10/10/01 20:57:24.250 tykeknit-api-webapp: 10.1.3.1.1 Started
10/10/01 23:12:11.78 10.1.3.1.1 Started
10/10/01 23:12:16.921 tykeknit-api-webapp: action: Entering Actionservlet
10/10/01 23:12:16.921 tykeknit-api-webapp: action: Initializing Logger...
10/10/01 23:12:16.921 tykeknit-api-webapp: 10.1.3.1.1 Started
10/10/02 12:48:43.937 10.1.3.1.1 Started
10/10/02 12:48:57.359 tykeknit-api-webapp: action: Entering Actionservlet
10/10/02 12:48:57.359 tykeknit-api-webapp: action: Initializing Logger...
10/10/02 12:48:57.375 tykeknit-api-webapp: 10.1.3.1.1 Started
10/10/02 12:50:47.921 10.1.3.1.1 Started
10/10/02 12:50:58.343 tykeknit-api-webapp: action: Entering Actionservlet
10/10/02 12:50:58.343 tykeknit-api-webapp: action: Initializing Logger...
10/10/02 12:50:58.343 tykeknit-api-webapp: 10.1.3.1.1 Started
10/10/07 12:30:54.953 10.1.3.1.1 Started
10/10/07 12:31:02.625 tykeknit-api-webapp: action: Entering Actionservlet
10/10/07 12:31:02.625 tykeknit-api-webapp: action: Initializing Logger...
10/10/07 12:31:02.703 tykeknit-api-webapp: 10.1.3.1.1 Started
10/10/07 12:42:27.343 10.1.3.1.1 Started
10/10/07 12:42:36.218 tykeknit-api-webapp: action: Entering Actionservlet
10/10/07 12:42:36.218 tykeknit-api-webapp: action: Initializing Logger...
10/10/07 12:42:36.234 tykeknit-api-webapp: 10.1.3.1.1 Started
10/10/07 12:52:03.562 10.1.3.1.1 Started
10/10/07 12:52:12.437 tykeknit-api-webapp: action: Entering Actionservlet
10/10/07 12:52:12.437 tykeknit-api-webapp: action: Initializing Logger...
10/10/07 12:52:12.468 tykeknit-api-webapp: 10.1.3.1.1 Started
10/10/07 12:57:50.312 10.1.3.1.1 Started
10/10/07 12:57:58.984 tykeknit-api-webapp: action: Entering Actionservlet
10/10/07 12:57:58.984 tykeknit-api-webapp: action: Initializing Logger...
10/10/07 12:57:58.984 tykeknit-api-webapp: 10.1.3.1.1 Started
10/10/07 13:01:58.984 10.1.3.1.1 Started
10/10/07 13:02:04.656 tykeknit-api-webapp: action: Entering Actionservlet
10/10/07 13:02:04.656 tykeknit-api-webapp: action: Initializing Logger...
10/10/07 13:02:04.656 tykeknit-api-webapp: 10.1.3.1.1 Started
10/10/07 13:03:33.921 10.1.3.1.1 Started
10/10/07 13:03:39.328 tykeknit-api-webapp: action: Entering Actionservlet
10/10/07 13:03:39.328 tykeknit-api-webapp: action: Initializing Logger...
10/10/07 13:03:39.328 tykeknit-api-webapp: 10.1.3.1.1 Started
10/10/11 22:36:27.578 10.1.3.1.1 Started
10/10/11 22:36:38.500 tykeknit-api-webapp: action: Entering Actionservlet
10/10/11 22:36:38.500 tykeknit-api-webapp: action: Initializing Logger...
10/10/11 22:36:38.515 tykeknit-api-webapp: 10.1.3.1.1 Started
10/10/11 22:48:45.31 10.1.3.1.1 Started
10/10/11 22:48:50.687 tykeknit-api-webapp: action: Entering Actionservlet
10/10/11 22:48:50.687 tykeknit-api-webapp: action: Initializing Logger...
10/10/11 22:48:50.703 tykeknit-api-webapp: 10.1.3.1.1 Started
10/10/11 22:49:19.531 tykeknit-api-webapp: Servlet error
oracle.classloader.util.AnnotatedClassFormatError: Bad version number in .class file

	  Invalid class: com.simplegeo.client.SimpleGeoClient
	         Loader: current-workspace-app.web.tykeknit-api-webapp:0.0.0
	    Code-Source: /D:/jdev-10.1.3.2/simplegeo-simplegeo-java-client-f151460/simplegeo.jar
	  Configuration: <classpath> in D:\myjdevhome\tykeknit\api\public_html

	Dependent class: com.tykeknit.web.api.beans.Operations
	         Loader: current-workspace-app.web.tykeknit-api-webapp:0.0.0
	    Code-Source: /D:/myjdevhome/tykeknit/api/public_html/WEB-INF/classes/
	  Configuration: WEB-INF/classes/ in D:\myjdevhome\tykeknit\api\public_html\WEB-INF\classes

	at oracle.classloader.PolicyClassLoader.findLocalClass (PolicyClassLoader.java:1462) [/D:/jdev-10.1.3.2/j2ee/home/lib/pcl.jar (from system property java.class.path), by sun.misc.Launcher$AppClassLoader@14916158]
	at oracle.classloader.SearchPolicy$FindLocal.getClass (SearchPolicy.java:167) [/D:/jdev-10.1.3.2/j2ee/home/lib/pcl.jar (from system property java.class.path), by sun.misc.Launcher$AppClassLoader@14916158]
	at oracle.classloader.SearchSequence.getClass (SearchSequence.java:119) [/D:/jdev-10.1.3.2/j2ee/home/lib/pcl.jar (from system property java.class.path), by sun.misc.Launcher$AppClassLoader@14916158]
	at oracle.classloader.PolicyClassLoader.internalLoadClass (PolicyClassLoader.java:1674) [/D:/jdev-10.1.3.2/j2ee/home/lib/pcl.jar (from system property java.class.path), by sun.misc.Launcher$AppClassLoader@14916158]
	at oracle.classloader.PolicyClassLoader.loadClass (PolicyClassLoader.java:1635) [/D:/jdev-10.1.3.2/j2ee/home/lib/pcl.jar (from system property java.class.path), by sun.misc.Launcher$AppClassLoader@14916158]
	at oracle.classloader.PolicyClassLoader.loadClass (PolicyClassLoader.java:1620) [/D:/jdev-10.1.3.2/j2ee/home/lib/pcl.jar (from system property java.class.path), by sun.misc.Launcher$AppClassLoader@14916158]
	at java.lang.ClassLoader.loadClassInternal (ClassLoader.java:319) [jre bootstrap, by jre.bootstrap:1.5.0_06]
	at com.tykeknit.web.api.beans.Operations.markUserPosition (Operations.java:416) [/D:/myjdevhome/tykeknit/api/public_html/WEB-INF/classes/ (from WEB-INF/classes/ in D:\myjdevhome\tykeknit\api\public_html\WEB-INF\classes), by current-workspace-app.web.tykeknit-api-webapp:0.0.0]
	at com.tykeknit.web.api.actions.markUserPosition.execute (markUserPosition.java:107) [/D:/myjdevhome/tykeknit/api/public_html/WEB-INF/classes/ (from WEB-INF/classes/ in D:\myjdevhome\tykeknit\api\public_html\WEB-INF\classes), by current-workspace-app.web.tykeknit-api-webapp:0.0.0]
	at org.apache.struts.action.RequestProcessor.processActionPerform (RequestProcessor.java:425) [/D:/jdev-10.1.3.2/jakarta-struts-1.3.10/lib/struts-core-1.3.10.jar (from <classpath> in D:\myjdevhome\tykeknit\api\public_html), by current-workspace-app.web.tykeknit-api-webapp:0.0.0]
	at org.apache.struts.action.RequestProcessor.process (RequestProcessor.java:228) [/D:/jdev-10.1.3.2/jakarta-struts-1.3.10/lib/struts-core-1.3.10.jar (from <classpath> in D:\myjdevhome\tykeknit\api\public_html), by current-workspace-app.web.tykeknit-api-webapp:0.0.0]
	at org.apache.struts.action.ActionServlet.process (ActionServlet.java:1913) [/D:/jdev-10.1.3.2/jakarta-struts-1.3.10/lib/struts-core-1.3.10.jar (from <classpath> in D:\myjdevhome\tykeknit\api\public_html), by current-workspace-app.web.tykeknit-api-webapp:0.0.0]
	at com.tykeknit.web.action.ActionServlet.process (ActionServlet.java:96) [/D:/myjdevhome/tykeknit/api/public_html/WEB-INF/classes/ (from WEB-INF/classes/ in D:\myjdevhome\tykeknit\api\public_html\WEB-INF\classes), by current-workspace-app.web.tykeknit-api-webapp:0.0.0]
	at org.apache.struts.action.ActionServlet.doPost (ActionServlet.java:462) [/D:/jdev-10.1.3.2/jakarta-struts-1.3.10/lib/struts-core-1.3.10.jar (from <classpath> in D:\myjdevhome\tykeknit\api\public_html), by current-workspace-app.web.tykeknit-api-webapp:0.0.0]
	at javax.servlet.http.HttpServlet.service (HttpServlet.java:763) [/D:/jdev-10.1.3.2/j2ee/home/lib/servlet.jar (from <code-source> (ignore manifest Class-Path) in META-INF/boot.xml in D:\jdev-10.1.3.2\j2ee\home\oc4j.jar), by api:1.4.0]
	at javax.servlet.http.HttpServlet.service (HttpServlet.java:856) [/D:/jdev-10.1.3.2/j2ee/home/lib/servlet.jar (from <code-source> (ignore manifest Class-Path) in META-INF/boot.xml in D:\jdev-10.1.3.2\j2ee\home\oc4j.jar), by api:1.4.0]
	at com.evermind[Oracle Containers for J2EE 10g (10.1.3.1.1) ].server.http.ServletRequestDispatcher.invoke (ServletRequestDispatcher.java:712) [/D:/jdev-10.1.3.2/j2ee/home/lib/oc4j-internal.jar (from <code-source> in META-INF/boot.xml in D:\jdev-10.1.3.2\j2ee\home\oc4j.jar), by oc4j:10.1.3]
	at com.evermind[Oracle Containers for J2EE 10g (10.1.3.1.1) ].server.http.ServletRequestDispatcher.forwardInternal (ServletRequestDispatcher.java:369) [/D:/jdev-10.1.3.2/j2ee/home/lib/oc4j-internal.jar (from <code-source> in META-INF/boot.xml in D:\jdev-10.1.3.2\j2ee\home\oc4j.jar), by oc4j:10.1.3]
	at com.evermind[Oracle Containers for J2EE 10g (10.1.3.1.1) ].server.http.HttpRequestHandler.doProcessRequest (HttpRequestHandler.java:865) [/D:/jdev-10.1.3.2/j2ee/home/lib/oc4j-internal.jar (from <code-source> in META-INF/boot.xml in D:\jdev-10.1.3.2\j2ee\home\oc4j.jar), by oc4j:10.1.3]
	at com.evermind[Oracle Containers for J2EE 10g (10.1.3.1.1) ].server.http.HttpRequestHandler.processRequest (HttpRequestHandler.java:447) [/D:/jdev-10.1.3.2/j2ee/home/lib/oc4j-internal.jar (from <code-source> in META-INF/boot.xml in D:\jdev-10.1.3.2\j2ee\home\oc4j.jar), by oc4j:10.1.3]
	at com.evermind[Oracle Containers for J2EE 10g (10.1.3.1.1) ].server.http.HttpRequestHandler.serveOneRequest (HttpRequestHandler.java:215) [/D:/jdev-10.1.3.2/j2ee/home/lib/oc4j-internal.jar (from <code-source> in META-INF/boot.xml in D:\jdev-10.1.3.2\j2ee\home\oc4j.jar), by oc4j:10.1.3]
	at com.evermind[Oracle Containers for J2EE 10g (10.1.3.1.1) ].server.http.HttpRequestHandler.run (HttpRequestHandler.java:117) [/D:/jdev-10.1.3.2/j2ee/home/lib/oc4j-internal.jar (from <code-source> in META-INF/boot.xml in D:\jdev-10.1.3.2\j2ee\home\oc4j.jar), by oc4j:10.1.3]
	at com.evermind[Oracle Containers for J2EE 10g (10.1.3.1.1) ].server.http.HttpRequestHandler.run (HttpRequestHandler.java:110) [/D:/jdev-10.1.3.2/j2ee/home/lib/oc4j-internal.jar (from <code-source> in META-INF/boot.xml in D:\jdev-10.1.3.2\j2ee\home\oc4j.jar), by oc4j:10.1.3]
	at oracle.oc4j.network.ServerSocketReadHandler$SafeRunnable.run (ServerSocketReadHandler.java:260) [/D:/jdev-10.1.3.2/j2ee/home/lib/oc4j-internal.jar (from <code-source> in META-INF/boot.xml in D:\jdev-10.1.3.2\j2ee\home\oc4j.jar), by oc4j:10.1.3]
	at oracle.oc4j.network.ServerSocketAcceptHandler.procClientSocket (ServerSocketAcceptHandler.java:239) [/D:/jdev-10.1.3.2/j2ee/home/lib/oc4j-internal.jar (from <code-source> in META-INF/boot.xml in D:\jdev-10.1.3.2\j2ee\home\oc4j.jar), by oc4j:10.1.3]
	at oracle.oc4j.network.ServerSocketAcceptHandler.access$700 (ServerSocketAcceptHandler.java:34) [/D:/jdev-10.1.3.2/j2ee/home/lib/oc4j-internal.jar (from <code-source> in META-INF/boot.xml in D:\jdev-10.1.3.2\j2ee\home\oc4j.jar), by oc4j:10.1.3]
	at oracle.oc4j.network.ServerSocketAcceptHandler$AcceptHandlerHorse.run (ServerSocketAcceptHandler.java:880) [/D:/jdev-10.1.3.2/j2ee/home/lib/oc4j-internal.jar (from <code-source> in META-INF/boot.xml in D:\jdev-10.1.3.2\j2ee\home\oc4j.jar), by oc4j:10.1.3]
	at com.evermind[Oracle Containers for J2EE 10g (10.1.3.1.1) ].util.ReleasableResourcePooledExecutor$MyWorker.run (ReleasableResourcePooledExecutor.java:303) [/D:/jdev-10.1.3.2/j2ee/home/lib/oc4j-internal.jar (from <code-source> in META-INF/boot.xml in D:\jdev-10.1.3.2\j2ee\home\oc4j.jar), by oc4j:10.1.3]
	at java.lang.Thread.run (Thread.java:595) [jre bootstrap, by jre.bootstrap:1.5.0_06]

10/10/12 08:02:23.828 10.1.3.1.1 Started
10/10/12 08:02:32.109 tykeknit-api-webapp: action: Entering Actionservlet
10/10/12 08:02:32.109 tykeknit-api-webapp: action: Initializing Logger...
10/10/12 08:02:32.140 tykeknit-api-webapp: 10.1.3.1.1 Started
10/10/28 11:33:53.218 10.1.3.1.1 Started
10/10/28 11:34:00.687 tykeknit-api-webapp: action: Entering Actionservlet
10/10/28 11:34:00.687 tykeknit-api-webapp: action: Initializing Logger...
10/10/28 11:34:00.718 tykeknit-api-webapp: 10.1.3.1.1 Started
10/10/28 11:49:58.218 10.1.3.1.1 Started
10/10/28 11:50:03.734 tykeknit-api-webapp: action: Entering Actionservlet
10/10/28 11:50:03.734 tykeknit-api-webapp: action: Initializing Logger...
10/10/28 11:50:03.750 tykeknit-api-webapp: 10.1.3.1.1 Started
10/10/28 11:51:35.109 10.1.3.1.1 Started
10/10/28 11:51:45.625 tykeknit-api-webapp: action: Entering Actionservlet
10/10/28 11:51:45.625 tykeknit-api-webapp: action: Initializing Logger...
10/10/28 11:51:45.640 tykeknit-api-webapp: 10.1.3.1.1 Started
10/10/28 11:54:31.78 10.1.3.1.1 Started
10/10/28 11:54:41.796 tykeknit-api-webapp: action: Entering Actionservlet
10/10/28 11:54:41.796 tykeknit-api-webapp: action: Initializing Logger...
10/10/28 11:54:41.812 tykeknit-api-webapp: 10.1.3.1.1 Started
10/10/28 11:57:53.859 10.1.3.1.1 Started
10/10/28 11:57:59.359 tykeknit-api-webapp: action: Entering Actionservlet
10/10/28 11:57:59.359 tykeknit-api-webapp: action: Initializing Logger...
10/10/28 11:57:59.375 tykeknit-api-webapp: 10.1.3.1.1 Started
10/10/28 12:00:43.875 10.1.3.1.1 Started
10/10/28 12:00:49.421 tykeknit-api-webapp: action: Entering Actionservlet
10/10/28 12:00:49.421 tykeknit-api-webapp: action: Initializing Logger...
10/10/28 12:00:49.437 tykeknit-api-webapp: 10.1.3.1.1 Started
10/10/28 12:05:28.296 10.1.3.1.1 Started
10/10/28 12:05:38.765 tykeknit-api-webapp: action: Entering Actionservlet
10/10/28 12:05:38.765 tykeknit-api-webapp: action: Initializing Logger...
10/10/28 12:05:38.781 tykeknit-api-webapp: 10.1.3.1.1 Started
10/10/28 12:16:07.171 10.1.3.1.1 Started
10/10/28 12:16:12.640 tykeknit-api-webapp: action: Entering Actionservlet
10/10/28 12:16:12.640 tykeknit-api-webapp: action: Initializing Logger...
10/10/28 12:16:12.656 tykeknit-api-webapp: 10.1.3.1.1 Started
10/10/28 12:25:35.375 10.1.3.1.1 Started
10/10/28 12:25:46.281 tykeknit-api-webapp: action: Entering Actionservlet
10/10/28 12:25:46.281 tykeknit-api-webapp: action: Initializing Logger...
10/10/28 12:25:46.312 tykeknit-api-webapp: 10.1.3.1.1 Started
10/10/28 12:28:38.531 10.1.3.1.1 Started
10/10/28 12:28:49.234 tykeknit-api-webapp: action: Entering Actionservlet
10/10/28 12:28:49.250 tykeknit-api-webapp: action: Initializing Logger...
10/10/28 12:28:49.265 tykeknit-api-webapp: 10.1.3.1.1 Started
10/10/28 12:38:15.78 10.1.3.1.1 Started
10/10/28 12:38:25.515 tykeknit-api-webapp: action: Entering Actionservlet
10/10/28 12:38:25.515 tykeknit-api-webapp: action: Initializing Logger...
10/10/28 12:38:25.531 tykeknit-api-webapp: 10.1.3.1.1 Started
10/10/28 12:44:46.390 10.1.3.1.1 Started
10/10/28 12:44:57.187 tykeknit-api-webapp: action: Entering Actionservlet
10/10/28 12:44:57.187 tykeknit-api-webapp: action: Initializing Logger...
10/10/28 12:44:57.218 tykeknit-api-webapp: 10.1.3.1.1 Started
10/10/28 12:51:24.281 10.1.3.1.1 Started
10/10/28 12:51:34.984 tykeknit-api-webapp: action: Entering Actionservlet
10/10/28 12:51:34.984 tykeknit-api-webapp: action: Initializing Logger...
10/10/28 12:51:35.15 tykeknit-api-webapp: 10.1.3.1.1 Started
10/10/28 12:57:01.937 10.1.3.1.1 Started
10/10/28 12:57:12.640 tykeknit-api-webapp: action: Entering Actionservlet
10/10/28 12:57:12.640 tykeknit-api-webapp: action: Initializing Logger...
10/10/28 12:57:12.656 tykeknit-api-webapp: 10.1.3.1.1 Started
10/10/28 12:59:17.906 10.1.3.1.1 Started
10/10/28 12:59:28.281 tykeknit-api-webapp: action: Entering Actionservlet
10/10/28 12:59:28.281 tykeknit-api-webapp: action: Initializing Logger...
10/10/28 12:59:28.296 tykeknit-api-webapp: 10.1.3.1.1 Started
10/10/28 13:16:38.218 10.1.3.1.1 Started
10/10/28 13:17:13.31 tykeknit-api-webapp: action: Entering Actionservlet
10/10/28 13:17:13.31 tykeknit-api-webapp: action: Initializing Logger...
10/10/28 13:17:13.125 tykeknit-api-webapp: 10.1.3.1.1 Started
10/10/28 15:31:32.656 10.1.3.1.1 Started
10/10/28 15:31:41.46 tykeknit-api-webapp: action: Entering Actionservlet
10/10/28 15:31:41.46 tykeknit-api-webapp: action: Initializing Logger...
10/10/28 15:31:41.78 tykeknit-api-webapp: 10.1.3.1.1 Started
10/10/28 16:04:35.703 10.1.3.1.1 Started
10/10/28 16:04:41.562 tykeknit-api-webapp: action: Entering Actionservlet
10/10/28 16:04:41.562 tykeknit-api-webapp: action: Initializing Logger...
10/10/28 16:04:41.578 tykeknit-api-webapp: 10.1.3.1.1 Started
10/10/28 16:07:40.515 10.1.3.1.1 Started
10/10/28 16:07:46.140 tykeknit-api-webapp: action: Entering Actionservlet
10/10/28 16:07:46.140 tykeknit-api-webapp: action: Initializing Logger...
10/10/28 16:07:46.140 tykeknit-api-webapp: 10.1.3.1.1 Started
10/10/28 17:03:23.265 10.1.3.1.1 Started
10/10/28 17:03:29.671 tykeknit-api-webapp: action: Entering Actionservlet
10/10/28 17:03:29.671 tykeknit-api-webapp: action: Initializing Logger...
10/10/28 17:03:29.671 tykeknit-api-webapp: 10.1.3.1.1 Started
10/10/28 17:07:08.187 10.1.3.1.1 Started
10/10/28 17:07:13.812 tykeknit-api-webapp: action: Entering Actionservlet
10/10/28 17:07:13.812 tykeknit-api-webapp: action: Initializing Logger...
10/10/28 17:07:13.812 tykeknit-api-webapp: 10.1.3.1.1 Started
10/10/28 17:18:03.125 10.1.3.1.1 Started
10/10/28 17:18:08.750 tykeknit-api-webapp: action: Entering Actionservlet
10/10/28 17:18:08.750 tykeknit-api-webapp: action: Initializing Logger...
10/10/28 17:18:08.765 tykeknit-api-webapp: 10.1.3.1.1 Started
10/10/28 17:19:49.515 10.1.3.1.1 Started
10/10/28 17:19:53.265 tykeknit-api-webapp: action: Entering Actionservlet
10/10/28 17:19:53.265 tykeknit-api-webapp: action: Initializing Logger...
10/10/28 17:19:53.281 tykeknit-api-webapp: 10.1.3.1.1 Started
10/10/28 17:21:58.812 10.1.3.1.1 Started
10/10/28 17:22:04.921 tykeknit-api-webapp: action: Entering Actionservlet
10/10/28 17:22:04.921 tykeknit-api-webapp: action: Initializing Logger...
10/10/28 17:22:04.937 tykeknit-api-webapp: 10.1.3.1.1 Started
10/10/28 18:10:37.109 10.1.3.1.1 Started
10/10/28 18:10:46.296 tykeknit-api-webapp: action: Entering Actionservlet
10/10/28 18:10:46.312 tykeknit-api-webapp: action: Initializing Logger...
10/10/28 18:10:46.312 tykeknit-api-webapp: 10.1.3.1.1 Started
10/10/28 18:36:34.468 10.1.3.1.1 Started
10/10/28 18:36:40.640 tykeknit-api-webapp: action: Entering Actionservlet
10/10/28 18:36:40.640 tykeknit-api-webapp: action: Initializing Logger...
10/10/28 18:36:40.656 tykeknit-api-webapp: 10.1.3.1.1 Started
10/10/28 18:40:14.890 10.1.3.1.1 Started
10/10/28 18:40:20.562 tykeknit-api-webapp: action: Entering Actionservlet
10/10/28 18:40:20.562 tykeknit-api-webapp: action: Initializing Logger...
10/10/28 18:40:20.562 tykeknit-api-webapp: 10.1.3.1.1 Started
10/10/28 18:42:06.500 10.1.3.1.1 Started
10/10/28 18:42:15.375 tykeknit-api-webapp: action: Entering Actionservlet
10/10/28 18:42:15.375 tykeknit-api-webapp: action: Initializing Logger...
10/10/28 18:42:15.375 tykeknit-api-webapp: 10.1.3.1.1 Started
10/10/28 18:53:50.671 10.1.3.1.1 Started
10/10/28 18:53:56.562 tykeknit-api-webapp: action: Entering Actionservlet
10/10/28 18:53:56.562 tykeknit-api-webapp: action: Initializing Logger...
10/10/28 18:53:56.562 tykeknit-api-webapp: 10.1.3.1.1 Started
10/10/28 19:01:43.468 10.1.3.1.1 Started
10/10/28 19:01:49.140 tykeknit-api-webapp: action: Entering Actionservlet
10/10/28 19:01:49.140 tykeknit-api-webapp: action: Initializing Logger...
10/10/28 19:01:49.140 tykeknit-api-webapp: 10.1.3.1.1 Started
10/10/28 19:03:56.640 10.1.3.1.1 Started
10/10/28 19:04:02.296 tykeknit-api-webapp: action: Entering Actionservlet
10/10/28 19:04:02.296 tykeknit-api-webapp: action: Initializing Logger...
10/10/28 19:04:02.312 tykeknit-api-webapp: 10.1.3.1.1 Started
10/10/28 19:07:06.281 10.1.3.1.1 Started
10/10/28 19:07:11.921 tykeknit-api-webapp: action: Entering Actionservlet
10/10/28 19:07:11.921 tykeknit-api-webapp: action: Initializing Logger...
10/10/28 19:07:11.937 tykeknit-api-webapp: 10.1.3.1.1 Started
10/11/16 12:01:27.578 10.1.3.1.1 Started
10/11/16 12:01:35.328 tykeknit-api-webapp: action: Entering Actionservlet
10/11/16 12:01:35.328 tykeknit-api-webapp: action: Initializing Logger...
10/11/16 12:01:35.359 tykeknit-api-webapp: 10.1.3.1.1 Started
10/11/16 12:05:59.687 10.1.3.1.1 Started
10/11/16 12:06:05.203 tykeknit-api-webapp: action: Entering Actionservlet
10/11/16 12:06:05.203 tykeknit-api-webapp: action: Initializing Logger...
10/11/16 12:06:05.218 tykeknit-api-webapp: 10.1.3.1.1 Started
10/11/16 12:36:29.859 10.1.3.1.1 Started
10/11/16 12:36:35.359 tykeknit-api-webapp: action: Entering Actionservlet
10/11/16 12:36:35.359 tykeknit-api-webapp: action: Initializing Logger...
10/11/16 12:36:35.375 tykeknit-api-webapp: 10.1.3.1.1 Started
10/12/06 16:22:28.484 10.1.3.1.1 Started
10/12/06 16:22:36.859 tykeknit-api-webapp: action: Entering Actionservlet
10/12/06 16:22:36.859 tykeknit-api-webapp: action: Initializing Logger...
10/12/06 16:22:36.890 tykeknit-api-webapp: 10.1.3.1.1 Started
10/12/06 16:29:33.812 10.1.3.1.1 Started
10/12/06 16:29:39.515 tykeknit-api-webapp: action: Entering Actionservlet
10/12/06 16:29:39.515 tykeknit-api-webapp: action: Initializing Logger...
10/12/06 16:29:39.515 tykeknit-api-webapp: 10.1.3.1.1 Started
10/12/06 16:43:09.531 tykeknit-api-webapp: 10.1.3.1.1 Stopped
10/12/06 16:43:10.15 10.1.3.1.1 Started
10/12/06 16:43:13.62 tykeknit-api-webapp: action: Entering Actionservlet
10/12/06 16:43:13.62 tykeknit-api-webapp: action: Initializing Logger...
10/12/06 16:43:13.78 tykeknit-api-webapp: 10.1.3.1.1 Started
10/12/06 16:44:46.578 10.1.3.1.1 Started
10/12/06 16:44:53.250 tykeknit-api-webapp: action: Entering Actionservlet
10/12/06 16:44:53.250 tykeknit-api-webapp: action: Initializing Logger...
10/12/06 16:44:53.265 tykeknit-api-webapp: 10.1.3.1.1 Started
10/12/06 16:50:43.843 10.1.3.1.1 Started
10/12/06 16:50:49.515 tykeknit-api-webapp: action: Entering Actionservlet
10/12/06 16:50:49.515 tykeknit-api-webapp: action: Initializing Logger...
10/12/06 16:50:49.515 tykeknit-api-webapp: 10.1.3.1.1 Started
10/12/06 17:12:21.593 10.1.3.1.1 Started
10/12/06 17:12:29.281 tykeknit-api-webapp: action: Entering Actionservlet
10/12/06 17:12:29.281 tykeknit-api-webapp: action: Initializing Logger...
10/12/06 17:12:29.281 tykeknit-api-webapp: 10.1.3.1.1 Started
10/12/06 17:41:48.484 10.1.3.1.1 Started
10/12/06 17:41:54.718 tykeknit-api-webapp: action: Entering Actionservlet
10/12/06 17:41:54.718 tykeknit-api-webapp: action: Initializing Logger...
10/12/06 17:41:54.718 tykeknit-api-webapp: 10.1.3.1.1 Started
10/12/06 17:43:16.15 10.1.3.1.1 Started
10/12/06 17:43:21.671 tykeknit-api-webapp: action: Entering Actionservlet
10/12/06 17:43:21.671 tykeknit-api-webapp: action: Initializing Logger...
10/12/06 17:43:21.671 tykeknit-api-webapp: 10.1.3.1.1 Started
10/12/06 17:58:46.406 10.1.3.1.1 Started
10/12/06 17:58:52.312 tykeknit-api-webapp: action: Entering Actionservlet
10/12/06 17:58:52.312 tykeknit-api-webapp: action: Initializing Logger...
10/12/06 17:58:52.312 tykeknit-api-webapp: 10.1.3.1.1 Started
11/01/09 11:46:33.78 10.1.3.1.1 Started
11/01/09 11:46:44.140 tykeknit-api-webapp: action: Entering Actionservlet
11/01/09 11:46:44.140 tykeknit-api-webapp: action: Initializing Logger...
11/01/09 11:46:44.156 tykeknit-api-webapp: 10.1.3.1.1 Started
11/01/09 12:15:50.390 10.1.3.1.1 Started
11/01/09 12:15:59.421 tykeknit-api-webapp: action: Entering Actionservlet
11/01/09 12:15:59.421 tykeknit-api-webapp: action: Initializing Logger...
11/01/09 12:15:59.437 tykeknit-api-webapp: 10.1.3.1.1 Started
11/01/09 12:40:56.15 10.1.3.1.1 Started
11/01/09 12:41:01.890 tykeknit-api-webapp: action: Entering Actionservlet
11/01/09 12:41:01.890 tykeknit-api-webapp: action: Initializing Logger...
11/01/09 12:41:01.890 tykeknit-api-webapp: 10.1.3.1.1 Started
11/01/09 12:58:48.312 10.1.3.1.1 Started
11/01/09 12:58:54.593 tykeknit-api-webapp: action: Entering Actionservlet
11/01/09 12:58:54.593 tykeknit-api-webapp: action: Initializing Logger...
11/01/09 12:58:54.609 tykeknit-api-webapp: 10.1.3.1.1 Started
11/01/09 13:01:39.78 10.1.3.1.1 Started
11/01/09 13:01:44.734 tykeknit-api-webapp: action: Entering Actionservlet
11/01/09 13:01:44.734 tykeknit-api-webapp: action: Initializing Logger...
11/01/09 13:01:44.734 tykeknit-api-webapp: 10.1.3.1.1 Started
11/02/01 22:57:08.187 10.1.3.1.1 Started
11/02/01 22:57:16.406 tykeknit-api-webapp: action: Entering Actionservlet
11/02/01 22:57:16.406 tykeknit-api-webapp: action: Initializing Logger...
11/02/01 22:57:16.421 tykeknit-api-webapp: 10.1.3.1.1 Started
11/02/01 23:00:52.734 10.1.3.1.1 Started
11/02/01 23:00:58.515 tykeknit-api-webapp: action: Entering Actionservlet
11/02/01 23:00:58.515 tykeknit-api-webapp: action: Initializing Logger...
11/02/01 23:00:58.531 tykeknit-api-webapp: 10.1.3.1.1 Started
11/02/01 23:10:54.140 10.1.3.1.1 Started
11/02/01 23:10:59.937 tykeknit-api-webapp: action: Entering Actionservlet
11/02/01 23:10:59.937 tykeknit-api-webapp: action: Initializing Logger...
11/02/01 23:10:59.937 tykeknit-api-webapp: 10.1.3.1.1 Started
11/02/01 23:13:44.296 10.1.3.1.1 Started
11/02/01 23:13:53.593 tykeknit-api-webapp: action: Entering Actionservlet
11/02/01 23:13:53.593 tykeknit-api-webapp: action: Initializing Logger...
11/02/01 23:13:53.593 tykeknit-api-webapp: 10.1.3.1.1 Started
11/02/01 23:14:44.15 10.1.3.1.1 Started
11/02/01 23:14:49.781 tykeknit-api-webapp: action: Entering Actionservlet
11/02/01 23:14:49.781 tykeknit-api-webapp: action: Initializing Logger...
11/02/01 23:14:49.796 tykeknit-api-webapp: 10.1.3.1.1 Started
11/02/01 23:19:39.140 10.1.3.1.1 Started
11/02/01 23:19:44.937 tykeknit-api-webapp: action: Entering Actionservlet
11/02/01 23:19:44.937 tykeknit-api-webapp: action: Initializing Logger...
11/02/01 23:19:44.937 tykeknit-api-webapp: 10.1.3.1.1 Started
11/02/01 23:26:43.328 10.1.3.1.1 Started
11/02/01 23:26:49.62 tykeknit-api-webapp: action: Entering Actionservlet
11/02/01 23:26:49.62 tykeknit-api-webapp: action: Initializing Logger...
11/02/01 23:26:49.62 tykeknit-api-webapp: 10.1.3.1.1 Started
11/02/01 23:30:35.515 10.1.3.1.1 Started
11/02/01 23:30:41.656 tykeknit-api-webapp: action: Entering Actionservlet
11/02/01 23:30:41.656 tykeknit-api-webapp: action: Initializing Logger...
11/02/01 23:30:41.656 tykeknit-api-webapp: 10.1.3.1.1 Started
11/02/01 23:33:05.390 10.1.3.1.1 Started
11/02/01 23:33:11.171 tykeknit-api-webapp: action: Entering Actionservlet
11/02/01 23:33:11.171 tykeknit-api-webapp: action: Initializing Logger...
11/02/01 23:33:11.187 tykeknit-api-webapp: 10.1.3.1.1 Started
11/02/01 23:38:22.93 10.1.3.1.1 Started
11/02/01 23:38:27.859 tykeknit-api-webapp: action: Entering Actionservlet
11/02/01 23:38:27.859 tykeknit-api-webapp: action: Initializing Logger...
11/02/01 23:38:27.859 tykeknit-api-webapp: 10.1.3.1.1 Started
11/02/01 23:40:27.203 10.1.3.1.1 Started
11/02/01 23:40:33.0 tykeknit-api-webapp: action: Entering Actionservlet
11/02/01 23:40:33.0 tykeknit-api-webapp: action: Initializing Logger...
11/02/01 23:40:33.15 tykeknit-api-webapp: 10.1.3.1.1 Started
11/02/01 23:41:47.937 10.1.3.1.1 Started
11/02/01 23:41:53.703 tykeknit-api-webapp: action: Entering Actionservlet
11/02/01 23:41:53.703 tykeknit-api-webapp: action: Initializing Logger...
11/02/01 23:41:53.718 tykeknit-api-webapp: 10.1.3.1.1 Started
11/02/02 16:35:07.734 10.1.3.1.1 Started
11/02/02 16:35:16.281 tykeknit-api-webapp: action: Entering Actionservlet
11/02/02 16:35:16.281 tykeknit-api-webapp: action: Initializing Logger...
11/02/02 16:35:16.296 tykeknit-api-webapp: 10.1.3.1.1 Started
11/02/02 16:36:58.343 10.1.3.1.1 Started
11/02/02 16:37:04.15 tykeknit-api-webapp: action: Entering Actionservlet
11/02/02 16:37:04.15 tykeknit-api-webapp: action: Initializing Logger...
11/02/02 16:37:04.15 tykeknit-api-webapp: 10.1.3.1.1 Started
11/02/02 16:38:56.781 10.1.3.1.1 Started
11/02/02 16:39:02.468 tykeknit-api-webapp: action: Entering Actionservlet
11/02/02 16:39:02.468 tykeknit-api-webapp: action: Initializing Logger...
11/02/02 16:39:02.468 tykeknit-api-webapp: 10.1.3.1.1 Started
11/02/02 16:42:04.312 10.1.3.1.1 Started
11/02/02 16:42:09.984 tykeknit-api-webapp: action: Entering Actionservlet
11/02/02 16:42:09.984 tykeknit-api-webapp: action: Initializing Logger...
11/02/02 16:42:10.0 tykeknit-api-webapp: 10.1.3.1.1 Started
11/02/02 17:20:28.968 10.1.3.1.1 Started
11/02/02 17:20:35.156 tykeknit-api-webapp: action: Entering Actionservlet
11/02/02 17:20:35.156 tykeknit-api-webapp: action: Initializing Logger...
11/02/02 17:20:35.156 tykeknit-api-webapp: 10.1.3.1.1 Started
11/02/02 17:38:38.875 10.1.3.1.1 Started
11/02/02 17:38:48.312 tykeknit-api-webapp: action: Entering Actionservlet
11/02/02 17:38:48.312 tykeknit-api-webapp: action: Initializing Logger...
11/02/02 17:38:48.328 tykeknit-api-webapp: 10.1.3.1.1 Started
11/02/02 17:43:35.531 10.1.3.1.1 Started
11/02/02 17:43:41.328 tykeknit-api-webapp: action: Entering Actionservlet
11/02/02 17:43:41.328 tykeknit-api-webapp: action: Initializing Logger...
11/02/02 17:43:41.328 tykeknit-api-webapp: 10.1.3.1.1 Started
11/02/02 17:51:47.15 10.1.3.1.1 Started
11/02/02 17:51:52.828 tykeknit-api-webapp: action: Entering Actionservlet
11/02/02 17:51:52.828 tykeknit-api-webapp: action: Initializing Logger...
11/02/02 17:51:52.828 tykeknit-api-webapp: 10.1.3.1.1 Started
11/02/02 17:53:45.31 10.1.3.1.1 Started
11/02/02 17:53:51.281 tykeknit-api-webapp: action: Entering Actionservlet
11/02/02 17:53:51.281 tykeknit-api-webapp: action: Initializing Logger...
11/02/02 17:53:51.296 tykeknit-api-webapp: 10.1.3.1.1 Started
11/02/03 12:29:06.411 10.1.3.1.1 Started
11/02/03 12:29:14.880 tykeknit-api-webapp: action: Entering Actionservlet
11/02/03 12:29:14.880 tykeknit-api-webapp: action: Initializing Logger...
11/02/03 12:29:14.927 tykeknit-api-webapp: 10.1.3.1.1 Started
11/02/07 21:43:31.953 10.1.3.1.1 Started
11/02/07 21:43:40.453 tykeknit-api-webapp: action: Entering Actionservlet
11/02/07 21:43:40.453 tykeknit-api-webapp: action: Initializing Logger...
11/02/07 21:43:40.468 tykeknit-api-webapp: 10.1.3.1.1 Started
11/02/07 21:49:05.312 10.1.3.1.1 Started
11/02/07 21:49:11.140 tykeknit-api-webapp: action: Entering Actionservlet
11/02/07 21:49:11.140 tykeknit-api-webapp: action: Initializing Logger...
11/02/07 21:49:11.140 tykeknit-api-webapp: 10.1.3.1.1 Started
11/02/07 21:51:59.953 10.1.3.1.1 Started
11/02/07 21:52:05.750 tykeknit-api-webapp: action: Entering Actionservlet
11/02/07 21:52:05.750 tykeknit-api-webapp: action: Initializing Logger...
11/02/07 21:52:05.750 tykeknit-api-webapp: 10.1.3.1.1 Started
11/02/09 15:09:50.453 10.1.3.1.1 Started
11/02/09 15:10:01.968 tykeknit-api-webapp: action: Entering Actionservlet
11/02/09 15:10:01.968 tykeknit-api-webapp: action: Initializing Logger...
11/02/09 15:10:02.0 tykeknit-api-webapp: 10.1.3.1.1 Started
11/02/09 15:15:07.531 10.1.3.1.1 Started
11/02/09 15:15:16.437 tykeknit-api-webapp: action: Entering Actionservlet
11/02/09 15:15:16.437 tykeknit-api-webapp: action: Initializing Logger...
11/02/09 15:15:16.437 tykeknit-api-webapp: 10.1.3.1.1 Started
11/02/09 15:19:44.453 10.1.3.1.1 Started
11/02/09 15:19:53.46 tykeknit-api-webapp: action: Entering Actionservlet
11/02/09 15:19:53.46 tykeknit-api-webapp: action: Initializing Logger...
11/02/09 15:19:53.62 tykeknit-api-webapp: 10.1.3.1.1 Started
11/02/09 15:40:07.421 10.1.3.1.1 Started
11/02/09 15:40:13.500 tykeknit-api-webapp: action: Entering Actionservlet
11/02/09 15:40:13.500 tykeknit-api-webapp: action: Initializing Logger...
11/02/09 15:40:13.500 tykeknit-api-webapp: 10.1.3.1.1 Started
11/02/09 23:03:40.609 10.1.3.1.1 Started
11/02/09 23:03:46.781 tykeknit-api-webapp: action: Entering Actionservlet
11/02/09 23:03:46.781 tykeknit-api-webapp: action: Initializing Logger...
11/02/09 23:03:46.781 tykeknit-api-webapp: 10.1.3.1.1 Started
11/02/09 23:32:35.218 10.1.3.1.1 Started
11/02/09 23:32:41.312 tykeknit-api-webapp: action: Entering Actionservlet
11/02/09 23:32:41.312 tykeknit-api-webapp: action: Initializing Logger...
11/02/09 23:32:41.312 tykeknit-api-webapp: 10.1.3.1.1 Started
11/02/09 23:48:08.296 10.1.3.1.1 Started
11/02/09 23:48:14.312 tykeknit-api-webapp: action: Entering Actionservlet
11/02/09 23:48:14.312 tykeknit-api-webapp: action: Initializing Logger...
11/02/09 23:48:14.312 tykeknit-api-webapp: 10.1.3.1.1 Started
