btn_backBar
btn_CommonRedDashboard1
btn_getKnitroduced
btn_knitroduced3
btn_playdate_send1
btn_rightsideview_wannahang
btn_settings_notification
btn_settings_notifications
btn_signIn
btn_unselectchild
btnBack
btnNext
btnSmall
childImg
dashboard_btnPlaydates
dashboard_btnWannaHang1
friend_OutOfKnit
friendDontWannaHang
friendWannaHang
green_button
navigationBarOpaque
NextButton
nofriend
noneSelected
Playdate_0016_Age
playdate_tabbar_age
playdate_tabbar_degree
playdate_tabbar_gender
playdateButtonsBack
plus-button
rightSelected
rightsideview_background
sideViewBack
sideViewBorder
sing_up
step1_tableHeader
step2_tableHeader
tab_button_background
tab_button_wannahang
topBar_reloadButton
tykeBackNext
tykeBlackBtn
tykeGreenBtn
tykeKnit_BETA
tykeLightBtn
tykeNEXtBack
Untitled
valuesSelectionBack
wanna_hang_blue
wanna_hang_gray
